#
# There is insufficient memory for the Java Runtime Environment to continue.
# Native memory allocation (mmap) failed to map 134217728 bytes for Failed to commit area from 0x0000000081c00000 to 0x0000000089c00000 of length 134217728.
# Possible reasons:
#   The system is out of physical RAM or swap space
#   The process is running with CompressedOops enabled, and the Java Heap may be blocking the growth of the native heap
# Possible solutions:
#   Reduce memory load on the system
#   Increase physical memory or swap space
#   Check if swap backing store is full
#   Decrease Java heap size (-Xmx/-Xms)
#   Decrease number of Java threads
#   Decrease Java thread stack sizes (-Xss)
#   Set larger code cache with -XX:ReservedCodeCacheSize=
# This output file may be truncated or incomplete.
#
#  Out of Memory Error (t:/workspace/open/src/hotspot/os/windows/os_windows.cpp:3269), pid=23680, tid=17096
#
# JRE version:  (11.0.3+12) (build )
# Java VM: Java HotSpot(TM) 64-Bit Server VM (11.0.3+12-LTS, mixed mode, aot, sharing, tiered, compressed oops, g1 gc, windows-amd64)
# No core dump will be written. Minidumps are not enabled by default on client versions of Windows
#

---------------  S U M M A R Y ------------

Command Line: -Dfile.encoding=windows-1252 -Duser.country=IN -Duser.language=en -Duser.variant two.RWACint8X

Host: Intel(R) Core(TM) i5-8265U CPU @ 1.60GHz, 8 cores, 7G,  Windows 10 , 64 bit Build 19041 (10.0.19041.292)
Time: Sun Sep  6 17:26:08 2020 India Standard Time elapsed time: 0 seconds (0d 0h 0m 0s)

---------------  T H R E A D  ---------------

Current thread (0x0000021d5ee47000):  JavaThread "Unknown thread" [_thread_in_vm, id=17096, stack(0x0000009c8da00000,0x0000009c8db00000)]

Stack: [0x0000009c8da00000,0x0000009c8db00000]
Native frames: (J=compiled Java code, j=interpreted, Vv=VM code, C=native code)
V  [jvm.dll+0x63582a]
V  [jvm.dll+0x77360f]
V  [jvm.dll+0x774cba]
V  [jvm.dll+0x775373]
V  [jvm.dll+0x25e9c8]
V  [jvm.dll+0x632cba]
V  [jvm.dll+0x627715]
V  [jvm.dll+0x31523c]
V  [jvm.dll+0x3150c2]
V  [jvm.dll+0x31a936]
V  [jvm.dll+0x36667f]
V  [jvm.dll+0x3660a0]
V  [jvm.dll+0x2f1da8]
V  [jvm.dll+0x2f2f06]
V  [jvm.dll+0x74c867]
V  [jvm.dll+0x74dfaf]
V  [jvm.dll+0x3734b9]
V  [jvm.dll+0x732f09]
V  [jvm.dll+0x3e291d]
V  [jvm.dll+0x3e4cb1]
C  [java.exe+0x3607]
C  [java.exe+0x178dc]
C  [KERNEL32.DLL+0x16fd4]
C  [ntdll.dll+0x4cec1]


---------------  P R O C E S S  ---------------

Threads class SMR info:
_java_thread_list=0x0000021d5d541270, length=0, elements={
}

Java Threads: ( => current thread )

Other Threads:
  0x0000021d5ee5e000 GCTaskThread "GC Thread#0" [stack: 0x0000009c8db00000,0x0000009c8dc00000] [id=22844]
  0x0000021d5ee92000 ConcurrentGCThread "G1 Main Marker" [stack: 0x0000009c8dc00000,0x0000009c8dd00000] [id=21944]
  0x0000021d5ee93800 ConcurrentGCThread "G1 Conc#0" [stack: 0x0000009c8dd00000,0x0000009c8de00000] [id=9364]

[error occurred during error reporting (printing all threads), id 0xc0000005, EXCEPTION_ACCESS_VIOLATION (0xc0000005) at pc=0x00007ff92f190497]

VM state:not at safepoint (not fully initialized)

VM Mutex/Monitor currently owned by a thread:  ([mutex/lock_event])
[0x0000021d5ee43f00] Heap_lock - owner thread: 0x0000021d5ee47000

Heap address: 0x0000000081c00000, size: 2020 MB, Compressed Oops mode: Non-zero based: 0x0000000081c00000
Narrow klass base: 0x0000000000000000, Narrow klass shift: 0

GC Heap History (0 events):
No events

Deoptimization events (0 events):
No events

Classes redefined (0 events):
No events

Internal exceptions (0 events):
No events

Events (0 events):
No events


Dynamic libraries:
0x00007ff654b40000 - 0x00007ff654b87000 	C:\Program Files\Java\jdk-11.0.3\bin\java.exe
0x00007ff9a9910000 - 0x00007ff9a9b05000 	C:\WINDOWS\SYSTEM32\ntdll.dll
0x00007ff9737e0000 - 0x00007ff9737f2000 	C:\Program Files\AVG\Antivirus\aswhook.dll
0x00007ff9a8d30000 - 0x00007ff9a8ded000 	C:\WINDOWS\System32\KERNEL32.DLL
0x00007ff9a7390000 - 0x00007ff9a7657000 	C:\WINDOWS\System32\KERNELBASE.dll
0x00007ff9a8c80000 - 0x00007ff9a8d2a000 	C:\WINDOWS\System32\ADVAPI32.dll
0x00007ff9a8380000 - 0x00007ff9a841e000 	C:\WINDOWS\System32\msvcrt.dll
0x00007ff9a9000000 - 0x00007ff9a909b000 	C:\WINDOWS\System32\sechost.dll
0x00007ff9a7980000 - 0x00007ff9a7aa3000 	C:\WINDOWS\System32\RPCRT4.dll
0x00007ff9a8e60000 - 0x00007ff9a9000000 	C:\WINDOWS\System32\USER32.dll
0x00007ff9a7950000 - 0x00007ff9a7972000 	C:\WINDOWS\System32\win32u.dll
0x00007ff9a82c0000 - 0x00007ff9a82ea000 	C:\WINDOWS\System32\GDI32.dll
0x00007ff9a76e0000 - 0x00007ff9a77ea000 	C:\WINDOWS\System32\gdi32full.dll
0x00007ff9a72f0000 - 0x00007ff9a738d000 	C:\WINDOWS\System32\msvcp_win.dll
0x00007ff9a7190000 - 0x00007ff9a7290000 	C:\WINDOWS\System32\ucrtbase.dll
0x00007ff98a900000 - 0x00007ff98ab9a000 	C:\WINDOWS\WinSxS\amd64_microsoft.windows.common-controls_6595b64144ccf1df_6.0.19041.1_none_b555e41d4684ddec\COMCTL32.dll
0x00007ff99f0c0000 - 0x00007ff99f0ca000 	C:\WINDOWS\SYSTEM32\VERSION.dll
0x00007ff9a92c0000 - 0x00007ff9a92f0000 	C:\WINDOWS\System32\IMM32.DLL
0x00007ff9a0d30000 - 0x00007ff9a0d46000 	C:\Program Files\Java\jdk-11.0.3\bin\vcruntime140.dll
0x00007ff96b500000 - 0x00007ff96b5aa000 	C:\Program Files\Java\jdk-11.0.3\bin\msvcp140.dll
0x00007ff92ee90000 - 0x00007ff92f9b7000 	C:\Program Files\Java\jdk-11.0.3\bin\server\jvm.dll
0x00007ff9a9650000 - 0x00007ff9a9658000 	C:\WINDOWS\System32\PSAPI.DLL
0x00007ff98c9f0000 - 0x00007ff98c9f9000 	C:\WINDOWS\SYSTEM32\WSOCK32.dll
0x00007ff9a9740000 - 0x00007ff9a97ab000 	C:\WINDOWS\System32\WS2_32.dll
0x00007ff98ec90000 - 0x00007ff98ecb7000 	C:\WINDOWS\SYSTEM32\WINMM.dll
0x00007ff9a5950000 - 0x00007ff9a5963000 	C:\WINDOWS\SYSTEM32\kernel.appcore.dll
0x00007ff9888a0000 - 0x00007ff9888b1000 	C:\Program Files\Java\jdk-11.0.3\bin\verify.dll
0x00007ff9a54b0000 - 0x00007ff9a5694000 	C:\WINDOWS\SYSTEM32\DBGHELP.DLL
0x00007ff9932c0000 - 0x00007ff9932ec000 	C:\WINDOWS\SYSTEM32\dbgcore.DLL
0x00007ff9a7110000 - 0x00007ff9a718f000 	C:\WINDOWS\System32\bcryptPrimitives.dll
0x00007ff9886f0000 - 0x00007ff988719000 	C:\Program Files\Java\jdk-11.0.3\bin\java.dll
0x00007ff988880000 - 0x00007ff988896000 	C:\Program Files\Java\jdk-11.0.3\bin\zip.dll
0x00007ff98d350000 - 0x00007ff98d35a000 	C:\Program Files\Java\jdk-11.0.3\bin\jimage.dll

dbghelp: loaded successfully - version: 4.0.5 - missing functions: none
symbol engine: initialized successfully - sym options: 0x614 - pdb path: .;C:\Program Files\Java\jdk-11.0.3\bin;C:\WINDOWS\SYSTEM32;C:\Program Files\AVG\Antivirus;C:\WINDOWS\WinSxS\amd64_microsoft.windows.common-controls_6595b64144ccf1df_6.0.19041.1_none_b555e41d4684ddec;C:\Program Files\Java\jdk-11.0.3\bin\server

VM Arguments:
jvm_args: -Dfile.encoding=windows-1252 -Duser.country=IN -Duser.language=en -Duser.variant 
java_command: two.RWACint8X
java_class_path (initial): D:\Projects\JAVA\SSCT\build\classes\java\test;D:\Projects\JAVA\SSCT\build\resources\test;D:\Projects\JAVA\SSCT\build\classes\java\main;D:\Projects\JAVA\SSCT\build\resources\main;C:\Users\aniru\.gradle\caches\modules-2\files-2.1\junit\junit\4.12\2973d150c0dc1fefe998f834810d68f278ea58ec\junit-4.12.jar;C:\Users\aniru\.gradle\caches\modules-2\files-2.1\org.hamcrest\hamcrest-core\1.3\42a25dc3219429f0e5d060061f71acb49bf010a0\hamcrest-core-1.3.jar
Launcher Type: SUN_STANDARD

[Global flags]
     intx CICompilerCount                          = 4                                         {product} {ergonomic}
     uint ConcGCThreads                            = 2                                         {product} {ergonomic}
     uint G1ConcRefinementThreads                  = 8                                         {product} {ergonomic}
   size_t G1HeapRegionSize                         = 1048576                                   {product} {ergonomic}
    uintx GCDrainStackTargetSize                   = 64                                        {product} {ergonomic}
   size_t InitialHeapSize                          = 134217728                                 {product} {ergonomic}
   size_t MarkStackSize                            = 4194304                                   {product} {ergonomic}
   size_t MaxHeapSize                              = 2118123520                                {product} {ergonomic}
   size_t MinHeapDeltaBytes                        = 1048576                                   {product} {ergonomic}
    uintx NonNMethodCodeHeapSize                   = 5835340                                {pd product} {ergonomic}
    uintx NonProfiledCodeHeapSize                  = 122911450                              {pd product} {ergonomic}
    uintx ProfiledCodeHeapSize                     = 122911450                              {pd product} {ergonomic}
    uintx ReservedCodeCacheSize                    = 251658240                              {pd product} {ergonomic}
     bool SegmentedCodeCache                       = true                                      {product} {ergonomic}
     bool UseCompressedClassPointers               = true                                 {lp64_product} {ergonomic}
     bool UseCompressedOops                        = true                                 {lp64_product} {ergonomic}
     bool UseG1GC                                  = true                                      {product} {ergonomic}
     bool UseLargePagesIndividualAllocation        = false                                  {pd product} {ergonomic}

Logging:
Log output configuration:
 #0: stdout all=warning uptime,level,tags
 #1: stderr all=off uptime,level,tags

Environment Variables:
JAVA_HOME=C:\Program Files\Java\jdk11
CLASSPATH=C:\Program Files\Java\jdk-11.0.3\lib
PATH=C:\Program Files\Java\jre1.8\bin;C:\ActiveTcl\bin;C:\Program Files (x86)\Common Files\Intel\Shared Files\cpp\bin\Intel64;C:\WINDOWS\system32;C:\WINDOWS;C:\WINDOWS\System32\Wbem;C:\WINDOWS\System32\WindowsPowerShell\v1.0\;C:\WINDOWS\System32\OpenSSH\;C:\Program Files\Git\cmd;C:\Users\aniru\AppData\Local\Android\Sdk\tools;C:\Users\aniru\AppData\Local\Android\Sdk\platform-tools;C:\Program Files (x86)\Windows Kits\8.1\Windows Performance Toolkit\;C:\ProgramData\chocolatey\bin;C:\Program Files\dotnet\;C:\Program Files\Microsoft SQL Server\120\Tools\Binn\;C:\Users\aniru\AppData\Local\GitHubDesktop\bin;C:\Gradle\gradle-5.6.2\bin;D:\Applications\PHP;D:\Applications\portaudio\portaudio-r1891-build\lib\x64\ReleaseMinDependency;C:\Users\aniru\AppData\Local\Microsoft\WindowsApps;C:\jython2.7.1\bin;C:\Users\aniru\AppData\Local\Programs\Microsoft VS Code\bin;D:\CustomCommands;C:\ProgramData\Anaconda3;C:\Program Files (x86)\Graphviz2.38\bin;D:\AppData\Roaming\npm;D:\Applications\nodejs;D:\Program Files (x86)\Jar2Exe Wizard\;D:\Applications\Qt\Tools\QtCreator\bin;D:\AppData\Roaming\cabal\bin;C:\ProgramData\chocolatey\lib\ghc\tools\ghc-8.10.1\bin;C:\tools\msys64
USERNAME=aniru
OS=Windows_NT
PROCESSOR_IDENTIFIER=Intel64 Family 6 Model 142 Stepping 12, GenuineIntel



---------------  S Y S T E M  ---------------

OS: Windows 10 , 64 bit Build 19041 (10.0.19041.292)

CPU:total 8 (initial active 8) (4 cores per cpu, 2 threads per core) family 6 model 142 stepping 12, cmov, cx8, fxsr, mmx, sse, sse2, sse3, ssse3, sse4.1, sse4.2, popcnt, avx, avx2, aes, clmul, erms, 3dnowpref, lzcnt, ht, tsc, tscinvbit, bmi1, bmi2, adx, fma

Memory: 4k page, system-wide physical 8078M (343M free)
TotalPageFile size 16243M (AvailPageFile size 88M)
current process WorkingSet (physical memory assigned to process): 10M, peak: 10M
current process commit charge ("private bytes"): 60M, peak: 188M

vm_info: Java HotSpot(TM) 64-Bit Server VM (11.0.3+12-LTS) for windows-amd64 JRE (11.0.3+12-LTS), built on Apr  2 2019 12:43:09 by "mach5one" with MS VC++ 15.5 (VS2017)

END.
